0 info it worked if it ends with ok
1 verbose cli [ '/usr/bin/nodejs',
1 verbose cli   '/usr/bin/npm',
1 verbose cli   'install',
1 verbose cli   '-g',
1 verbose cli   'cordova',
1 verbose cli   'ionic' ]
2 info using npm@1.3.10
3 info using node@v0.10.25
4 verbose cache add [ 'cordova', null ]
5 verbose cache add name=undefined spec="cordova" args=["cordova",null]
6 verbose parsed url { protocol: null,
6 verbose parsed url   slashes: null,
6 verbose parsed url   auth: null,
6 verbose parsed url   host: null,
6 verbose parsed url   port: null,
6 verbose parsed url   hostname: null,
6 verbose parsed url   hash: null,
6 verbose parsed url   search: null,
6 verbose parsed url   query: null,
6 verbose parsed url   pathname: 'cordova',
6 verbose parsed url   path: 'cordova',
6 verbose parsed url   href: 'cordova' }
7 verbose cache add [ 'ionic', null ]
8 verbose cache add name=undefined spec="ionic" args=["ionic",null]
9 verbose parsed url { protocol: null,
9 verbose parsed url   slashes: null,
9 verbose parsed url   auth: null,
9 verbose parsed url   host: null,
9 verbose parsed url   port: null,
9 verbose parsed url   hostname: null,
9 verbose parsed url   hash: null,
9 verbose parsed url   search: null,
9 verbose parsed url   query: null,
9 verbose parsed url   pathname: 'ionic',
9 verbose parsed url   path: 'ionic',
9 verbose parsed url   href: 'ionic' }
10 silly lockFile 00d10074-ionic ionic
11 verbose lock ionic /home/axel/.npm/00d10074-ionic.lock
12 silly lockFile a98f2055-cordova cordova
13 verbose lock cordova /home/axel/.npm/a98f2055-cordova.lock
14 silly lockFile 00d10074-ionic ionic
15 silly lockFile 00d10074-ionic ionic
16 silly lockFile a98f2055-cordova cordova
17 silly lockFile a98f2055-cordova cordova
18 verbose addNamed [ 'ionic', '' ]
19 verbose addNamed [ null, '*' ]
20 silly lockFile 966fc04a-ionic ionic@
21 verbose lock ionic@ /home/axel/.npm/966fc04a-ionic.lock
22 verbose addNamed [ 'cordova', '' ]
23 verbose addNamed [ null, '*' ]
24 silly lockFile de8d9fad-cordova cordova@
25 verbose lock cordova@ /home/axel/.npm/de8d9fad-cordova.lock
26 silly addNameRange { name: 'ionic', range: '*', hasData: false }
27 silly addNameRange { name: 'cordova', range: '*', hasData: false }
28 verbose url raw ionic
29 verbose url resolving [ 'https://registry.npmjs.org/', './ionic' ]
30 verbose url resolved https://registry.npmjs.org/ionic
31 info trying registry request attempt 1 at 16:53:27
32 http GET https://registry.npmjs.org/ionic
33 verbose url raw cordova
34 verbose url resolving [ 'https://registry.npmjs.org/', './cordova' ]
35 verbose url resolved https://registry.npmjs.org/cordova
36 info trying registry request attempt 1 at 16:53:28
37 http GET https://registry.npmjs.org/cordova
38 http 200 https://registry.npmjs.org/ionic
39 silly registry.get cb [ 200,
39 silly registry.get   { date: 'Mon, 23 Feb 2015 14:52:45 GMT',
39 silly registry.get     server: 'CouchDB/1.5.0 (Erlang OTP/R16B03)',
39 silly registry.get     etag: '"9TFPG8DCBK8D6CT2GA9STOBXQ"',
39 silly registry.get     'content-type': 'application/json',
39 silly registry.get     'cache-control': 'max-age=60',
39 silly registry.get     'content-length': '210412',
39 silly registry.get     'accept-ranges': 'bytes',
39 silly registry.get     via: '1.1 varnish',
39 silly registry.get     age: '47',
39 silly registry.get     'x-served-by': 'cache-fra1229-FRA',
39 silly registry.get     'x-cache': 'HIT',
39 silly registry.get     'x-cache-hits': '38',
39 silly registry.get     'x-timer': 'S1424703165.229289,VS0,VE0',
39 silly registry.get     vary: 'Accept',
39 silly registry.get     'keep-alive': 'timeout=10, max=50',
39 silly registry.get     connection: 'Keep-Alive' } ]
40 silly addNameRange number 2 { name: 'ionic', range: '*', hasData: true }
41 silly addNameRange versions [ 'ionic',
41 silly addNameRange   [ '0.9.6',
41 silly addNameRange     '0.9.8',
41 silly addNameRange     '0.9.9',
41 silly addNameRange     '0.9.10',
41 silly addNameRange     '0.9.11',
41 silly addNameRange     '0.9.12',
41 silly addNameRange     '0.9.13',
41 silly addNameRange     '0.9.14',
41 silly addNameRange     '0.9.15',
41 silly addNameRange     '0.9.16',
41 silly addNameRange     '1.0.0-beta.1',
41 silly addNameRange     '1.0.0-beta',
41 silly addNameRange     '1.0.1-beta',
41 silly addNameRange     '1.0.3-beta',
41 silly addNameRange     '1.0.4',
41 silly addNameRange     '1.0.5',
41 silly addNameRange     '1.0.6',
41 silly addNameRange     '1.0.7',
41 silly addNameRange     '1.0.8',
41 silly addNameRange     '1.0.9',
41 silly addNameRange     '1.0.10',
41 silly addNameRange     '1.0.11',
41 silly addNameRange     '1.0.12',
41 silly addNameRange     '1.0.13',
41 silly addNameRange     '1.0.14',
41 silly addNameRange     '1.0.15',
41 silly addNameRange     '1.0.16',
41 silly addNameRange     '1.0.17',
41 silly addNameRange     '1.1.0-beta1',
41 silly addNameRange     '1.1.0-beta2',
41 silly addNameRange     '1.1.0-beta3',
41 silly addNameRange     '1.1.0-beta4',
41 silly addNameRange     '1.1.0-beta5',
41 silly addNameRange     '1.1.0-beta6',
41 silly addNameRange     '1.1.0',
41 silly addNameRange     '1.1.1-beta1',
41 silly addNameRange     '1.1.1-beta2',
41 silly addNameRange     '1.1.1-beta3',
41 silly addNameRange     '1.1.1',
41 silly addNameRange     '1.1.3',
41 silly addNameRange     '1.1.4',
41 silly addNameRange     '1.1.5-beta1',
41 silly addNameRange     '1.1.5-beta2',
41 silly addNameRange     '1.1.5-beta3',
41 silly addNameRange     '1.1.5-beta4',
41 silly addNameRange     '1.1.5-beta5',
41 silly addNameRange     '1.1.5',
41 silly addNameRange     '1.1.6',
41 silly addNameRange     '1.1.7-beta1',
41 silly addNameRange     '1.1.7',
41 silly addNameRange     '1.1.8-beta1',
41 silly addNameRange     '1.1.8-beta2',
41 silly addNameRange     '1.1.8-beta3',
41 silly addNameRange     '1.1.8-beta4',
41 silly addNameRange     '1.1.8-beta5',
41 silly addNameRange     '1.1.8',
41 silly addNameRange     '1.1.9-beta1',
41 silly addNameRange     '1.1.9',
41 silly addNameRange     '1.1.10',
41 silly addNameRange     '1.1.11-beta1',
41 silly addNameRange     '1.1.11-beta2',
41 silly addNameRange     '1.1.11',
41 silly addNameRange     '1.1.12-beta1',
41 silly addNameRange     '1.1.12-beta2',
41 silly addNameRange     '1.1.12-beta3',
41 silly addNameRange     '1.1.12',
41 silly addNameRange     '1.1.13',
41 silly addNameRange     '1.1.14-beta1',
41 silly addNameRange     '1.1.14-beta2',
41 silly addNameRange     '1.1.14-beta3',
41 silly addNameRange     '1.2.0-beta1',
41 silly addNameRange     '1.2.0',
41 silly addNameRange     '1.2.1-beta1',
41 silly addNameRange     '1.2.1-beta2',
41 silly addNameRange     '1.2.1-beta3',
41 silly addNameRange     '1.2.1-beta4',
41 silly addNameRange     '1.2.1',
41 silly addNameRange     '1.2.2',
41 silly addNameRange     '1.2.3-beta1',
41 silly addNameRange     '1.2.3-beta2',
41 silly addNameRange     '1.2.3-beta3',
41 silly addNameRange     '1.2.3',
41 silly addNameRange     '1.2.4-beta1',
41 silly addNameRange     '1.2.4-beta2',
41 silly addNameRange     '1.2.4-beta3',
41 silly addNameRange     '1.2.4',
41 silly addNameRange     '1.2.5-beta1',
41 silly addNameRange     '1.2.5-beta2',
41 silly addNameRange     '1.2.5-beta3',
41 silly addNameRange     '1.2.5',
41 silly addNameRange     '1.2.6-beta1',
41 silly addNameRange     '1.2.6-beta2',
41 silly addNameRange     '1.2.6-beta3',
41 silly addNameRange     '1.2.6',
41 silly addNameRange     '1.2.7',
41 silly addNameRange     '1.2.8-beta1',
41 silly addNameRange     '1.2.8-beta2',
41 silly addNameRange     '1.2.8',
41 silly addNameRange     '1.2.9',
41 silly addNameRange     '1.2.10',
41 silly addNameRange     '1.2.11',
41 silly addNameRange     '1.2.12',
41 silly addNameRange     '1.2.13',
41 silly addNameRange     '1.2.14-beta1',
41 silly addNameRange     '1.2.14-beta2',
41 silly addNameRange     '1.2.14-beta3',
41 silly addNameRange     '1.2.14-beta4',
41 silly addNameRange     '1.2.14-beta5',
41 silly addNameRange     '1.2.14-beta6',
41 silly addNameRange     '1.2.14',
41 silly addNameRange     '1.3.0-beta1',
41 silly addNameRange     '1.3.0',
41 silly addNameRange     '1.3.1',
41 silly addNameRange     '1.3.2',
41 silly addNameRange     '1.3.3',
41 silly addNameRange     '1.3.4',
41 silly addNameRange     '1.3.5',
41 silly addNameRange     '1.3.6',
41 silly addNameRange     '1.3.7',
41 silly addNameRange     '1.3.8',
41 silly addNameRange     '1.3.9',
41 silly addNameRange     '1.3.10',
41 silly addNameRange     '1.4.0-alpha.1',
41 silly addNameRange     '1.3.11',
41 silly addNameRange     '1.3.1-1.alpha.0',
41 silly addNameRange     '1.4.0-alpha.2' ] ]
42 verbose addNamed [ 'ionic', '1.3.11' ]
43 verbose addNamed [ '1.3.11', '1.3.11' ]
44 silly lockFile 4e340da9-ionic-1-3-11 ionic@1.3.11
45 verbose lock ionic@1.3.11 /home/axel/.npm/4e340da9-ionic-1-3-11.lock
46 silly lockFile 9039c3b9-npmjs-org-ionic-ionic-1-3-11-tgz https://registry.npmjs.org/ionic/-/ionic-1.3.11.tgz
47 verbose lock https://registry.npmjs.org/ionic/-/ionic-1.3.11.tgz /home/axel/.npm/9039c3b9-npmjs-org-ionic-ionic-1-3-11-tgz.lock
48 verbose addRemoteTarball [ 'https://registry.npmjs.org/ionic/-/ionic-1.3.11.tgz',
48 verbose addRemoteTarball   '36576e05586596a752d526f797705a4c514cd9f8' ]
49 info retry fetch attempt 1 at 16:53:28
50 verbose fetch to= /home/axel/tmp/npm-21392-zELsOuwu/1424703208601-0.5579427746124566/tmp.tgz
51 http GET https://registry.npmjs.org/ionic/-/ionic-1.3.11.tgz
52 http 200 https://registry.npmjs.org/cordova
53 silly registry.get cb [ 200,
53 silly registry.get   { date: 'Mon, 23 Feb 2015 14:52:45 GMT',
53 silly registry.get     server: 'CouchDB/1.5.0 (Erlang OTP/R16B03)',
53 silly registry.get     etag: '"6PHM6R0TI4OOA65ZB1OJ2QKOS"',
53 silly registry.get     'content-type': 'application/json',
53 silly registry.get     'cache-control': 'max-age=60',
53 silly registry.get     'content-length': '337959',
53 silly registry.get     'accept-ranges': 'bytes',
53 silly registry.get     via: '1.1 varnish',
53 silly registry.get     age: '0',
53 silly registry.get     'x-served-by': 'cache-fra1250-FRA',
53 silly registry.get     'x-cache': 'HIT',
53 silly registry.get     'x-cache-hits': '1',
53 silly registry.get     'x-timer': 'S1424703165.214129,VS0,VE102',
53 silly registry.get     vary: 'Accept',
53 silly registry.get     'keep-alive': 'timeout=10, max=50',
53 silly registry.get     connection: 'Keep-Alive' } ]
54 silly addNameRange number 2 { name: 'cordova', range: '*', hasData: true }
55 silly addNameRange versions [ 'cordova',
55 silly addNameRange   [ '0.0.1',
55 silly addNameRange     '0.0.2',
55 silly addNameRange     '0.0.3',
55 silly addNameRange     '0.0.4',
55 silly addNameRange     '0.0.5',
55 silly addNameRange     '0.0.6',
55 silly addNameRange     '0.0.7',
55 silly addNameRange     '0.0.8',
55 silly addNameRange     '0.0.9',
55 silly addNameRange     '0.1.0',
55 silly addNameRange     '0.1.1',
55 silly addNameRange     '0.1.2',
55 silly addNameRange     '0.1.3',
55 silly addNameRange     '0.1.4',
55 silly addNameRange     '0.1.5',
55 silly addNameRange     '0.1.6',
55 silly addNameRange     '0.1.7',
55 silly addNameRange     '0.1.8',
55 silly addNameRange     '0.1.9',
55 silly addNameRange     '0.1.10',
55 silly addNameRange     '0.1.11',
55 silly addNameRange     '0.1.12',
55 silly addNameRange     '0.1.13',
55 silly addNameRange     '0.1.14',
55 silly addNameRange     '2.2.0',
55 silly addNameRange     '2.3.0',
55 silly addNameRange     '2.3.1',
55 silly addNameRange     '2.3.2',
55 silly addNameRange     '2.3.3',
55 silly addNameRange     '2.3.5',
55 silly addNameRange     '2.3.6',
55 silly addNameRange     '2.4.0',
55 silly addNameRange     '2.4.1',
55 silly addNameRange     '2.4.2',
55 silly addNameRange     '2.4.3',
55 silly addNameRange     '2.4.4',
55 silly addNameRange     '2.4.5',
55 silly addNameRange     '2.4.6',
55 silly addNameRange     '2.4.7',
55 silly addNameRange     '2.4.8',
55 silly addNameRange     '2.4.9',
55 silly addNameRange     '2.4.10',
55 silly addNameRange     '2.5.0',
55 silly addNameRange     '2.5.2',
55 silly addNameRange     '2.5.3',
55 silly addNameRange     '2.5.4',
55 silly addNameRange     '2.5.5',
55 silly addNameRange     '2.6.0',
55 silly addNameRange     '2.6.1',
55 silly addNameRange     '2.6.2',
55 silly addNameRange     '2.7.0-rc.1',
55 silly addNameRange     '2.7.1-rc.1',
55 silly addNameRange     '2.7.2',
55 silly addNameRange     '2.7.3',
55 silly addNameRange     '2.7.4',
55 silly addNameRange     '2.8.0',
55 silly addNameRange     '2.8.1',
55 silly addNameRange     '2.8.2',
55 silly addNameRange     '2.8.3',
55 silly addNameRange     '2.8.4',
55 silly addNameRange     '2.8.5',
55 silly addNameRange     '2.8.6',
55 silly addNameRange     '2.8.7',
55 silly addNameRange     '2.8.8',
55 silly addNameRange     '2.8.9',
55 silly addNameRange     '2.8.10',
55 silly addNameRange     '2.8.11',
55 silly addNameRange     '2.8.12',
55 silly addNameRange     '2.8.13',
55 silly addNameRange     '2.8.14',
55 silly addNameRange     '2.8.15',
55 silly addNameRange     '2.8.16',
55 silly addNameRange     '2.8.17',
55 silly addNameRange     '2.8.18',
55 silly addNameRange     '2.8.19',
55 silly addNameRange     '2.8.20',
55 silly addNameRange     '2.8.21',
55 silly addNameRange     '2.8.22',
55 silly addNameRange     '2.8.23',
55 silly addNameRange     '2.8.24',
55 silly addNameRange     '2.8.25',
55 silly addNameRange     '2.9.0',
55 silly addNameRange     '2.9.1',
55 silly addNameRange     '2.9.2',
55 silly addNameRange     '2.9.3',
55 silly addNameRange     '2.9.4',
55 silly addNameRange     '2.9.5',
55 silly addNameRange     '2.9.6',
55 silly addNameRange     '2.9.7',
55 silly addNameRange     '3.0.0-rc1',
55 silly addNameRange     '3.0.0-rc1-1',
55 silly addNameRange     '3.0.0-rc1-3',
55 silly addNameRange     '3.0.0',
55 silly addNameRange     '3.0.1',
55 silly addNameRange     '3.0.2',
55 silly addNameRange     '3.0.3',
55 silly addNameRange     '3.0.4',
55 silly addNameRange     '3.0.5',
55 silly addNameRange     '3.0.6',
55 silly addNameRange     '3.0.7',
55 silly addNameRange     '3.0.8',
55 silly addNameRange     '3.0.9',
55 silly addNameRange     '3.0.10',
55 silly addNameRange     '3.1.0-0.1.0',
55 silly addNameRange     '3.1.0-0.2.0',
55 silly addNameRange     '3.2.0-rc.1',
55 silly addNameRange     '3.2.0-0.1.0',
55 silly addNameRange     '3.2.0-0.2.0',
55 silly addNameRange     '3.2.0-0.3.0',
55 silly addNameRange     '3.2.0-0.4.0',
55 silly addNameRange     '3.3.0-rc.1',
55 silly addNameRange     '3.3.0-0.1.1',
55 silly addNameRange     '3.3.1-0.1.2',
55 silly addNameRange     '2.9.0-rc1',
55 silly addNameRange     '3.3.1-0.3.0',
55 silly addNameRange     '3.3.1-0.3.1',
55 silly addNameRange     '3.3.1-0.4.1',
55 silly addNameRange     '3.3.1-0.4.2',
55 silly addNameRange     '3.4.0-0.1.0',
55 silly addNameRange     '3.4.0-0.1.1',
55 silly addNameRange     '3.4.0-0.1.2',
55 silly addNameRange     '3.4.0-0.1.3',
55 silly addNameRange     '0.0.0-fake',
55 silly addNameRange     '3.4.1-0.1.0',
55 silly addNameRange     '3.5.0-0.2.0',
55 silly addNameRange     '3.5.0-0.2.1',
55 silly addNameRange     '3.5.0-0.2.2',
55 silly addNameRange     '3.5.0-0.2.3',
55 silly addNameRange     '3.5.0-0.2.4',
55 silly addNameRange     '3.5.0-0.2.6',
55 silly addNameRange     '3.5.0-0.2.7',
55 silly addNameRange     '3.6.0-0.2.8',
55 silly addNameRange     '3.6.0-0.2.9',
55 silly addNameRange     '3.6.1-0.2.10',
55 silly addNameRange     '3.6.3-0.2.11',
55 silly addNameRange     '3.6.3-0.2.12',
55 silly addNameRange     '3.6.3-0.2.13',
55 silly addNameRange     '4.0.0',
55 silly addNameRange     '4.0.1',
55 silly addNameRange     '4.1.0',
55 silly addNameRange     '4.1.1',
55 silly addNameRange     '4.1.2',
55 silly addNameRange     '4.1.3-nightly.2014.10.21',
55 silly addNameRange     '4.2.0' ] ]
56 verbose addNamed [ 'cordova', '4.2.0' ]
57 verbose addNamed [ '4.2.0', '4.2.0' ]
58 silly lockFile ab86ab8c-cordova-4-2-0 cordova@4.2.0
59 verbose lock cordova@4.2.0 /home/axel/.npm/ab86ab8c-cordova-4-2-0.lock
60 silly lockFile baf9be59-js-org-cordova-cordova-4-2-0-tgz https://registry.npmjs.org/cordova/-/cordova-4.2.0.tgz
61 verbose lock https://registry.npmjs.org/cordova/-/cordova-4.2.0.tgz /home/axel/.npm/baf9be59-js-org-cordova-cordova-4-2-0-tgz.lock
62 verbose addRemoteTarball [ 'https://registry.npmjs.org/cordova/-/cordova-4.2.0.tgz',
62 verbose addRemoteTarball   'e4519197040b09b1bd131ecebc847716a2a7d7d0' ]
63 info retry fetch attempt 1 at 16:53:28
64 verbose fetch to= /home/axel/tmp/npm-21392-zELsOuwu/1424703208745-0.9692244913894683/tmp.tgz
65 http GET https://registry.npmjs.org/cordova/-/cordova-4.2.0.tgz
66 http 200 https://registry.npmjs.org/ionic/-/ionic-1.3.11.tgz
67 verbose tar unpack /home/axel/tmp/npm-21392-zELsOuwu/1424703208601-0.5579427746124566/tmp.tgz
68 silly lockFile 99bafb61-08601-0-5579427746124566-package tar:///home/axel/tmp/npm-21392-zELsOuwu/1424703208601-0.5579427746124566/package
69 verbose lock tar:///home/axel/tmp/npm-21392-zELsOuwu/1424703208601-0.5579427746124566/package /home/axel/.npm/99bafb61-08601-0-5579427746124566-package.lock
70 silly lockFile 4c1e073b-08601-0-5579427746124566-tmp-tgz tar:///home/axel/tmp/npm-21392-zELsOuwu/1424703208601-0.5579427746124566/tmp.tgz
71 verbose lock tar:///home/axel/tmp/npm-21392-zELsOuwu/1424703208601-0.5579427746124566/tmp.tgz /home/axel/.npm/4c1e073b-08601-0-5579427746124566-tmp-tgz.lock
72 silly gunzTarPerm modes [ '755', '644' ]
73 silly gunzTarPerm extractEntry package.json
74 silly gunzTarPerm extractEntry .npmignore
75 silly gunzTarPerm extractEntry README.md
76 silly gunzTarPerm extractEntry LICENSE
77 silly gunzTarPerm extractEntry .jscs.json
78 silly gunzTarPerm extractEntry CHANGELOG.md
79 silly gunzTarPerm extractEntry .gitattributes
80 silly gunzTarPerm extractEntry bin/ionic
81 silly gunzTarPerm extractEntry lib/ionic.js
82 silly gunzTarPerm extractEntry lib/hooks/after_platform_add/010_install_plugins.js
83 silly gunzTarPerm extractEntry lib/hooks/after_plugin_add/010_register_plugin.js
84 silly gunzTarPerm extractEntry lib/hooks/after_plugin_rm/010_deregister_plugin.js
85 silly gunzTarPerm extractEntry lib/hooks/after_prepare/010_add_platform_class.js
86 silly gunzTarPerm extractEntry lib/hooks/after_prepare/020_remove_sass_from_platforms.js
87 silly gunzTarPerm extractEntry lib/hooks/before_platform_add/init_directories.js
88 silly gunzTarPerm extractEntry lib/ionic/utils.js
89 silly gunzTarPerm extractEntry lib/ionic/info.js
90 silly gunzTarPerm extractEntry lib/ionic/ions.js
91 http 200 https://registry.npmjs.org/cordova/-/cordova-4.2.0.tgz
92 silly gunzTarPerm extractEntry lib/ionic/lib.js
93 silly gunzTarPerm extractEntry lib/ionic/login.js
94 silly gunzTarPerm extractEntry lib/ionic/help.js
95 silly gunzTarPerm extractEntry lib/ionic/add.js
96 silly gunzTarPerm extractEntry lib/ionic/project.js
97 silly gunzTarPerm extractEntry lib/ionic/push.js
98 silly gunzTarPerm extractEntry lib/ionic/templates.js
99 silly gunzTarPerm extractEntry lib/ionic/serve.js
100 silly gunzTarPerm extractEntry lib/ionic/cordova.js
101 silly gunzTarPerm extractEntry lib/ionic/service.js
102 silly gunzTarPerm extractEntry lib/ionic/config.js
103 silly gunzTarPerm extractEntry lib/ionic/setup.js
104 silly gunzTarPerm extractEntry lib/ionic/browser.js
105 silly gunzTarPerm extractEntry lib/ionic/start.js
106 silly gunzTarPerm extractEntry lib/ionic/bower.js
107 silly gunzTarPerm extractEntry lib/ionic/task.js
108 silly gunzTarPerm extractEntry lib/ionic/upload.js
109 silly gunzTarPerm extractEntry lib/ionic/stats.js
110 silly gunzTarPerm extractEntry lib/ionic/app.js
111 silly gunzTarPerm extractEntry lib/ionic/store.js
112 silly gunzTarPerm extractEntry lib/ionic/multibar.js
113 silly gunzTarPerm extractEntry lib/ionic/package.js
114 silly gunzTarPerm extractEntry lib/ionic/starter-templates.json
115 silly gunzTarPerm extractEntry lib/ionic/resources/generate.js
116 silly gunzTarPerm extractEntry lib/ionic/resources/settings.js
117 silly gunzTarPerm extractEntry lib/ionic/assets/preview.html
118 silly gunzTarPerm extractEntry lib/ionic/CrosswalkNotes.md
119 silly gunzTarPerm extractEntry npm-shrinkwrap.json
120 verbose tar unpack /home/axel/tmp/npm-21392-zELsOuwu/1424703208745-0.9692244913894683/tmp.tgz
121 silly lockFile 6c071155-08745-0-9692244913894683-package tar:///home/axel/tmp/npm-21392-zELsOuwu/1424703208745-0.9692244913894683/package
122 verbose lock tar:///home/axel/tmp/npm-21392-zELsOuwu/1424703208745-0.9692244913894683/package /home/axel/.npm/6c071155-08745-0-9692244913894683-package.lock
123 silly lockFile 658f9be8-08745-0-9692244913894683-tmp-tgz tar:///home/axel/tmp/npm-21392-zELsOuwu/1424703208745-0.9692244913894683/tmp.tgz
124 verbose lock tar:///home/axel/tmp/npm-21392-zELsOuwu/1424703208745-0.9692244913894683/tmp.tgz /home/axel/.npm/658f9be8-08745-0-9692244913894683-tmp-tgz.lock
125 silly gunzTarPerm modes [ '755', '644' ]
126 silly gunzTarPerm extractEntry package.json
127 silly gunzTarPerm extractEntry .npmignore
128 silly gunzTarPerm extractEntry README.md
129 silly gunzTarPerm extractEntry LICENSE
130 silly gunzTarPerm extractEntry cordova.js
131 silly gunzTarPerm extractEntry CONTRIBUTING.md
132 silly gunzTarPerm extractEntry RELEASENOTES.md
133 silly gunzTarPerm extractEntry .reviewboardrc
134 silly gunzTarPerm extractEntry src/cli.js
135 silly gunzTarPerm extractEntry src/create.js
136 silly gunzTarPerm extractEntry src/help.js
137 silly gunzTarPerm extractEntry doc/ja/bash.md
138 silly gunzTarPerm extractEntry doc/bash.md
139 silly gunzTarPerm extractEntry doc/compile.txt
140 silly gunzTarPerm extractEntry doc/cordova.txt
141 silly gunzTarPerm extractEntry doc/create.txt
142 silly gunzTarPerm extractEntry doc/de/bash.md
143 silly gunzTarPerm extractEntry doc/emulate.txt
144 silly gunzTarPerm extractEntry doc/es/bash.md
145 silly gunzTarPerm extractEntry doc/fr/bash.md
146 silly gunzTarPerm extractEntry doc/help.txt
147 silly gunzTarPerm extractEntry doc/info.txt
148 silly gunzTarPerm extractEntry doc/it/bash.md
149 silly gunzTarPerm extractEntry doc/build.txt
150 silly gunzTarPerm extractEntry doc/ko/bash.md
151 silly gunzTarPerm extractEntry doc/pl/bash.md
152 silly gunzTarPerm extractEntry doc/platform.txt
153 silly gunzTarPerm extractEntry doc/plugin.txt
154 silly gunzTarPerm extractEntry doc/prepare.txt
155 silly gunzTarPerm extractEntry doc/restore.txt
156 silly gunzTarPerm extractEntry doc/ru/bash.md
157 silly gunzTarPerm extractEntry doc/run.txt
158 silly gunzTarPerm extractEntry doc/save.txt
159 silly gunzTarPerm extractEntry doc/serve.txt
160 silly gunzTarPerm extractEntry doc/zh/bash.md
161 silly gunzTarPerm extractEntry scripts/cordova.completion
162 silly gunzTarPerm extractEntry NOTICE
163 silly gunzTarPerm extractEntry bin/cordova
164 silly gunzTarPerm extractEntry bin/cordova.cmd
165 silly lockFile 6c071155-08745-0-9692244913894683-package tar:///home/axel/tmp/npm-21392-zELsOuwu/1424703208745-0.9692244913894683/package
166 silly lockFile 6c071155-08745-0-9692244913894683-package tar:///home/axel/tmp/npm-21392-zELsOuwu/1424703208745-0.9692244913894683/package
167 silly lockFile 658f9be8-08745-0-9692244913894683-tmp-tgz tar:///home/axel/tmp/npm-21392-zELsOuwu/1424703208745-0.9692244913894683/tmp.tgz
168 silly lockFile 658f9be8-08745-0-9692244913894683-tmp-tgz tar:///home/axel/tmp/npm-21392-zELsOuwu/1424703208745-0.9692244913894683/tmp.tgz
169 verbose tar pack [ '/home/axel/.npm/cordova/4.2.0/package.tgz',
169 verbose tar pack   '/home/axel/tmp/npm-21392-zELsOuwu/1424703208745-0.9692244913894683/package' ]
170 verbose tarball /home/axel/.npm/cordova/4.2.0/package.tgz
171 verbose folder /home/axel/tmp/npm-21392-zELsOuwu/1424703208745-0.9692244913894683/package
172 silly lockFile 6c071155-08745-0-9692244913894683-package tar:///home/axel/tmp/npm-21392-zELsOuwu/1424703208745-0.9692244913894683/package
173 verbose lock tar:///home/axel/tmp/npm-21392-zELsOuwu/1424703208745-0.9692244913894683/package /home/axel/.npm/6c071155-08745-0-9692244913894683-package.lock
174 silly lockFile 3ef4a96c-el-npm-cordova-4-2-0-package-tgz tar:///home/axel/.npm/cordova/4.2.0/package.tgz
175 verbose lock tar:///home/axel/.npm/cordova/4.2.0/package.tgz /home/axel/.npm/3ef4a96c-el-npm-cordova-4-2-0-package-tgz.lock
176 silly lockFile 99bafb61-08601-0-5579427746124566-package tar:///home/axel/tmp/npm-21392-zELsOuwu/1424703208601-0.5579427746124566/package
177 silly lockFile 99bafb61-08601-0-5579427746124566-package tar:///home/axel/tmp/npm-21392-zELsOuwu/1424703208601-0.5579427746124566/package
178 silly lockFile 4c1e073b-08601-0-5579427746124566-tmp-tgz tar:///home/axel/tmp/npm-21392-zELsOuwu/1424703208601-0.5579427746124566/tmp.tgz
179 silly lockFile 4c1e073b-08601-0-5579427746124566-tmp-tgz tar:///home/axel/tmp/npm-21392-zELsOuwu/1424703208601-0.5579427746124566/tmp.tgz
180 verbose tar pack [ '/home/axel/.npm/ionic/1.3.11/package.tgz',
180 verbose tar pack   '/home/axel/tmp/npm-21392-zELsOuwu/1424703208601-0.5579427746124566/package' ]
181 verbose tarball /home/axel/.npm/ionic/1.3.11/package.tgz
182 verbose folder /home/axel/tmp/npm-21392-zELsOuwu/1424703208601-0.5579427746124566/package
183 silly lockFile 99bafb61-08601-0-5579427746124566-package tar:///home/axel/tmp/npm-21392-zELsOuwu/1424703208601-0.5579427746124566/package
184 verbose lock tar:///home/axel/tmp/npm-21392-zELsOuwu/1424703208601-0.5579427746124566/package /home/axel/.npm/99bafb61-08601-0-5579427746124566-package.lock
185 silly lockFile bae8c184-xel-npm-ionic-1-3-11-package-tgz tar:///home/axel/.npm/ionic/1.3.11/package.tgz
186 verbose lock tar:///home/axel/.npm/ionic/1.3.11/package.tgz /home/axel/.npm/bae8c184-xel-npm-ionic-1-3-11-package-tgz.lock
187 silly lockFile 6c071155-08745-0-9692244913894683-package tar:///home/axel/tmp/npm-21392-zELsOuwu/1424703208745-0.9692244913894683/package
188 silly lockFile 6c071155-08745-0-9692244913894683-package tar:///home/axel/tmp/npm-21392-zELsOuwu/1424703208745-0.9692244913894683/package
189 silly lockFile 3ef4a96c-el-npm-cordova-4-2-0-package-tgz tar:///home/axel/.npm/cordova/4.2.0/package.tgz
190 silly lockFile 3ef4a96c-el-npm-cordova-4-2-0-package-tgz tar:///home/axel/.npm/cordova/4.2.0/package.tgz
191 silly lockFile 970ae658-e-axel-npm-cordova-4-2-0-package /home/axel/.npm/cordova/4.2.0/package
192 verbose lock /home/axel/.npm/cordova/4.2.0/package /home/axel/.npm/970ae658-e-axel-npm-cordova-4-2-0-package.lock
193 silly lockFile 970ae658-e-axel-npm-cordova-4-2-0-package /home/axel/.npm/cordova/4.2.0/package
194 silly lockFile 970ae658-e-axel-npm-cordova-4-2-0-package /home/axel/.npm/cordova/4.2.0/package
195 verbose tar unpack /home/axel/.npm/cordova/4.2.0/package.tgz
196 silly lockFile f5e988c1-e-axel-npm-cordova-4-2-0-package tar:///home/axel/.npm/cordova/4.2.0/package
197 verbose lock tar:///home/axel/.npm/cordova/4.2.0/package /home/axel/.npm/f5e988c1-e-axel-npm-cordova-4-2-0-package.lock
198 silly lockFile 3ef4a96c-el-npm-cordova-4-2-0-package-tgz tar:///home/axel/.npm/cordova/4.2.0/package.tgz
199 verbose lock tar:///home/axel/.npm/cordova/4.2.0/package.tgz /home/axel/.npm/3ef4a96c-el-npm-cordova-4-2-0-package-tgz.lock
200 silly gunzTarPerm modes [ '755', '644' ]
201 silly gunzTarPerm extractEntry package.json
202 silly gunzTarPerm extractEntry .npmignore
203 silly gunzTarPerm extractEntry README.md
204 silly gunzTarPerm extractEntry LICENSE
205 silly gunzTarPerm extractEntry cordova.js
206 silly gunzTarPerm extractEntry CONTRIBUTING.md
207 silly gunzTarPerm extractEntry .reviewboardrc
208 silly gunzTarPerm extractEntry bin/cordova
209 silly gunzTarPerm extractEntry bin/cordova.cmd
210 silly gunzTarPerm extractEntry src/cli.js
211 silly gunzTarPerm extractEntry src/create.js
212 silly gunzTarPerm extractEntry src/help.js
213 silly gunzTarPerm extractEntry doc/ja/bash.md
214 silly gunzTarPerm extractEntry doc/bash.md
215 silly gunzTarPerm extractEntry doc/compile.txt
216 silly gunzTarPerm extractEntry doc/cordova.txt
217 silly gunzTarPerm extractEntry doc/create.txt
218 silly gunzTarPerm extractEntry doc/de/bash.md
219 silly gunzTarPerm extractEntry doc/emulate.txt
220 silly gunzTarPerm extractEntry doc/es/bash.md
221 silly gunzTarPerm extractEntry doc/fr/bash.md
222 silly gunzTarPerm extractEntry doc/help.txt
223 silly gunzTarPerm extractEntry doc/info.txt
224 silly gunzTarPerm extractEntry doc/it/bash.md
225 silly gunzTarPerm extractEntry doc/build.txt
226 silly gunzTarPerm extractEntry doc/ko/bash.md
227 silly gunzTarPerm extractEntry doc/pl/bash.md
228 silly gunzTarPerm extractEntry doc/platform.txt
229 silly gunzTarPerm extractEntry doc/plugin.txt
230 silly gunzTarPerm extractEntry doc/prepare.txt
231 silly gunzTarPerm extractEntry doc/restore.txt
232 silly gunzTarPerm extractEntry doc/ru/bash.md
233 silly gunzTarPerm extractEntry doc/run.txt
234 silly gunzTarPerm extractEntry doc/save.txt
235 silly gunzTarPerm extractEntry doc/serve.txt
236 silly gunzTarPerm extractEntry doc/zh/bash.md
237 silly gunzTarPerm extractEntry NOTICE
238 silly gunzTarPerm extractEntry scripts/cordova.completion
239 silly gunzTarPerm extractEntry RELEASENOTES.md
240 silly lockFile f5e988c1-e-axel-npm-cordova-4-2-0-package tar:///home/axel/.npm/cordova/4.2.0/package
241 silly lockFile f5e988c1-e-axel-npm-cordova-4-2-0-package tar:///home/axel/.npm/cordova/4.2.0/package
242 silly lockFile 3ef4a96c-el-npm-cordova-4-2-0-package-tgz tar:///home/axel/.npm/cordova/4.2.0/package.tgz
243 silly lockFile 3ef4a96c-el-npm-cordova-4-2-0-package-tgz tar:///home/axel/.npm/cordova/4.2.0/package.tgz
244 verbose chmod /home/axel/.npm/cordova/4.2.0/package.tgz 644
245 verbose chown /home/axel/.npm/cordova/4.2.0/package.tgz [ 1000, 1000 ]
246 silly lockFile baf9be59-js-org-cordova-cordova-4-2-0-tgz https://registry.npmjs.org/cordova/-/cordova-4.2.0.tgz
247 silly lockFile baf9be59-js-org-cordova-cordova-4-2-0-tgz https://registry.npmjs.org/cordova/-/cordova-4.2.0.tgz
248 silly lockFile ab86ab8c-cordova-4-2-0 cordova@4.2.0
249 silly lockFile ab86ab8c-cordova-4-2-0 cordova@4.2.0
250 silly lockFile de8d9fad-cordova cordova@
251 silly lockFile de8d9fad-cordova cordova@
252 silly lockFile 99bafb61-08601-0-5579427746124566-package tar:///home/axel/tmp/npm-21392-zELsOuwu/1424703208601-0.5579427746124566/package
253 silly lockFile 99bafb61-08601-0-5579427746124566-package tar:///home/axel/tmp/npm-21392-zELsOuwu/1424703208601-0.5579427746124566/package
254 silly lockFile bae8c184-xel-npm-ionic-1-3-11-package-tgz tar:///home/axel/.npm/ionic/1.3.11/package.tgz
255 silly lockFile bae8c184-xel-npm-ionic-1-3-11-package-tgz tar:///home/axel/.npm/ionic/1.3.11/package.tgz
256 silly lockFile c9bb82fc-me-axel-npm-ionic-1-3-11-package /home/axel/.npm/ionic/1.3.11/package
257 verbose lock /home/axel/.npm/ionic/1.3.11/package /home/axel/.npm/c9bb82fc-me-axel-npm-ionic-1-3-11-package.lock
258 silly lockFile c9bb82fc-me-axel-npm-ionic-1-3-11-package /home/axel/.npm/ionic/1.3.11/package
259 silly lockFile c9bb82fc-me-axel-npm-ionic-1-3-11-package /home/axel/.npm/ionic/1.3.11/package
260 verbose tar unpack /home/axel/.npm/ionic/1.3.11/package.tgz
261 silly lockFile 020f4d61-me-axel-npm-ionic-1-3-11-package tar:///home/axel/.npm/ionic/1.3.11/package
262 verbose lock tar:///home/axel/.npm/ionic/1.3.11/package /home/axel/.npm/020f4d61-me-axel-npm-ionic-1-3-11-package.lock
263 silly lockFile bae8c184-xel-npm-ionic-1-3-11-package-tgz tar:///home/axel/.npm/ionic/1.3.11/package.tgz
264 verbose lock tar:///home/axel/.npm/ionic/1.3.11/package.tgz /home/axel/.npm/bae8c184-xel-npm-ionic-1-3-11-package-tgz.lock
265 silly gunzTarPerm modes [ '755', '644' ]
266 silly gunzTarPerm extractEntry package.json
267 silly gunzTarPerm extractEntry .npmignore
268 silly gunzTarPerm extractEntry README.md
269 silly gunzTarPerm extractEntry LICENSE
270 silly gunzTarPerm extractEntry .gitattributes
271 silly gunzTarPerm extractEntry .jscs.json
272 silly gunzTarPerm extractEntry CHANGELOG.md
273 silly gunzTarPerm extractEntry bin/ionic
274 silly gunzTarPerm extractEntry lib/ionic.js
275 silly gunzTarPerm extractEntry lib/hooks/after_platform_add/010_install_plugins.js
276 silly gunzTarPerm extractEntry lib/hooks/after_plugin_add/010_register_plugin.js
277 silly gunzTarPerm extractEntry lib/hooks/after_plugin_rm/010_deregister_plugin.js
278 silly gunzTarPerm extractEntry lib/hooks/after_prepare/010_add_platform_class.js
279 silly gunzTarPerm extractEntry lib/hooks/after_prepare/020_remove_sass_from_platforms.js
280 silly gunzTarPerm extractEntry lib/hooks/before_platform_add/init_directories.js
281 silly gunzTarPerm extractEntry lib/ionic/utils.js
282 silly gunzTarPerm extractEntry lib/ionic/info.js
283 silly gunzTarPerm extractEntry lib/ionic/ions.js
284 silly gunzTarPerm extractEntry lib/ionic/lib.js
285 silly gunzTarPerm extractEntry lib/ionic/login.js
286 silly gunzTarPerm extractEntry lib/ionic/help.js
287 silly gunzTarPerm extractEntry lib/ionic/add.js
288 silly gunzTarPerm extractEntry lib/ionic/project.js
289 silly gunzTarPerm extractEntry lib/ionic/push.js
290 silly gunzTarPerm extractEntry lib/ionic/templates.js
291 silly gunzTarPerm extractEntry lib/ionic/serve.js
292 silly gunzTarPerm extractEntry lib/ionic/cordova.js
293 silly gunzTarPerm extractEntry lib/ionic/service.js
294 silly gunzTarPerm extractEntry lib/ionic/config.js
295 silly gunzTarPerm extractEntry lib/ionic/setup.js
296 silly gunzTarPerm extractEntry lib/ionic/browser.js
297 silly gunzTarPerm extractEntry lib/ionic/start.js
298 silly gunzTarPerm extractEntry lib/ionic/bower.js
299 silly gunzTarPerm extractEntry lib/ionic/task.js
300 silly gunzTarPerm extractEntry lib/ionic/upload.js
301 silly gunzTarPerm extractEntry lib/ionic/stats.js
302 silly gunzTarPerm extractEntry lib/ionic/app.js
303 silly gunzTarPerm extractEntry lib/ionic/store.js
304 silly gunzTarPerm extractEntry lib/ionic/multibar.js
305 silly gunzTarPerm extractEntry lib/ionic/package.js
306 silly gunzTarPerm extractEntry lib/ionic/starter-templates.json
307 silly gunzTarPerm extractEntry lib/ionic/resources/generate.js
308 silly gunzTarPerm extractEntry lib/ionic/resources/settings.js
309 silly gunzTarPerm extractEntry lib/ionic/assets/preview.html
310 silly gunzTarPerm extractEntry lib/ionic/CrosswalkNotes.md
311 silly gunzTarPerm extractEntry npm-shrinkwrap.json
312 silly lockFile 020f4d61-me-axel-npm-ionic-1-3-11-package tar:///home/axel/.npm/ionic/1.3.11/package
313 silly lockFile 020f4d61-me-axel-npm-ionic-1-3-11-package tar:///home/axel/.npm/ionic/1.3.11/package
314 silly lockFile bae8c184-xel-npm-ionic-1-3-11-package-tgz tar:///home/axel/.npm/ionic/1.3.11/package.tgz
315 silly lockFile bae8c184-xel-npm-ionic-1-3-11-package-tgz tar:///home/axel/.npm/ionic/1.3.11/package.tgz
316 verbose chmod /home/axel/.npm/ionic/1.3.11/package.tgz 644
317 verbose chown /home/axel/.npm/ionic/1.3.11/package.tgz [ 1000, 1000 ]
318 silly lockFile 9039c3b9-npmjs-org-ionic-ionic-1-3-11-tgz https://registry.npmjs.org/ionic/-/ionic-1.3.11.tgz
319 silly lockFile 9039c3b9-npmjs-org-ionic-ionic-1-3-11-tgz https://registry.npmjs.org/ionic/-/ionic-1.3.11.tgz
320 silly lockFile 4e340da9-ionic-1-3-11 ionic@1.3.11
321 silly lockFile 4e340da9-ionic-1-3-11 ionic@1.3.11
322 silly lockFile 966fc04a-ionic ionic@
323 silly lockFile 966fc04a-ionic ionic@
324 silly resolved [ { name: 'cordova',
324 silly resolved     version: '4.2.0',
324 silly resolved     preferGlobal: 'true',
324 silly resolved     description: 'Cordova command line interface tool',
324 silly resolved     main: 'cordova',
324 silly resolved     engines: { node: '>=0.9.9' },
324 silly resolved     engineStrict: true,
324 silly resolved     bin: { cordova: './bin/cordova' },
324 silly resolved     scripts:
324 silly resolved      { test: 'node node_modules/jasmine-node/bin/jasmine-node --captureExceptions --color spec',
324 silly resolved        cover: 'node node_modules/istanbul/lib/cli.js cover --root src --print detail node_modules/jasmine-node/bin/jasmine-node -- spec' },
324 silly resolved     repository:
324 silly resolved      { type: 'git',
324 silly resolved        url: 'https://git-wip-us.apache.org/repos/asf/cordova-cli.git' },
324 silly resolved     bugs:
324 silly resolved      { url: 'https://issues.apache.org/jira/browse/CB',
324 silly resolved        email: 'dev@cordova.apache.org' },
324 silly resolved     keywords: [ 'cordova', 'client', 'cli' ],
324 silly resolved     dependencies:
324 silly resolved      { 'cordova-lib': '4.2.0',
324 silly resolved        q: '1.0.1',
324 silly resolved        nopt: '3.0.1',
324 silly resolved        underscore: '1.7.0' },
324 silly resolved     devDependencies: { istanbul: '^0.3.4', 'jasmine-node': '1.14.5' },
324 silly resolved     author: { name: 'Anis Kadri' },
324 silly resolved     contributors:
324 silly resolved      [ [Object],
324 silly resolved        [Object],
324 silly resolved        [Object],
324 silly resolved        [Object],
324 silly resolved        [Object],
324 silly resolved        [Object],
324 silly resolved        [Object],
324 silly resolved        [Object],
324 silly resolved        [Object],
324 silly resolved        [Object],
324 silly resolved        [Object],
324 silly resolved        [Object],
324 silly resolved        [Object],
324 silly resolved        [Object],
324 silly resolved        [Object],
324 silly resolved        [Object],
324 silly resolved        [Object],
324 silly resolved        [Object],
324 silly resolved        [Object],
324 silly resolved        [Object],
324 silly resolved        [Object],
324 silly resolved        [Object],
324 silly resolved        [Object],
324 silly resolved        [Object] ],
324 silly resolved     license: 'Apache version 2.0',
324 silly resolved     readme: '<!--\n#\n# Licensed to the Apache Software Foundation (ASF) under one\n# or more contributor license agreements.  See the NOTICE file\n# distributed with this work for additional information\n# regarding copyright ownership.  The ASF licenses this file\n# to you under the Apache License, Version 2.0 (the\n# "License"); you may not use this file except in compliance\n# with the License.  You may obtain a copy of the License at\n#\n# http://www.apache.org/licenses/LICENSE-2.0\n#\n# Unless required by applicable law or agreed to in writing,\n# software distributed under the License is distributed on an\n# "AS IS" BASIS, WITHOUT WARRANTIES OR CONDITIONS OF ANY\n#  KIND, either express or implied.  See the License for the\n# specific language governing permissions and limitations\n# under the License.\n#\n-->\n\n# cordova-cli\n\n> The command line tool to build, deploy and manage [Cordova](http://cordova.io)-based applications.\n\n[Apache Cordova](http://cordova.io) allows for building native mobile applications using HTML, CSS and JavaScript. This tool helps with management of multi-platform Cordova applications as well as Cordova plugin integration.\n\nCheck out the [Getting Started guides](http://cordova.apache.org/docs/en/edge/) for more details on how to work with Cordova sub-projects.\n\n# Supported Cordova Platforms\n\n- Amazon Fire OS\n- Android\n- BlackBerry 10\n- iOS\n- Ubuntu\n- Windows Phone 8\n- Windows 8\n\n# Requirements\n\n* [Node.js](http://nodejs.org/)\n* SDKs for each platform you wish to support:\n  - **Android**: [Android SDK](http://developer.android.com) - **NOTE** This tool\n    will not work unless you have the absolute latest updates for all\n    Android SDK components. Also you will need the SDK\'s `tools` and `platform-tools` directories on your __system path__ otherwise Android support will fail.\n  - **amazon-fireos**: [Amazon Fire OS SDK](https://developer.amazon.com/public/solutions/platforms/android-fireos/docs/building-and-testing-your-hybrid-app) - **NOTE** This tool will not work unless you have Android SDK installed and paths are updated as mentioned above. In addition you need to install AmazonWebView SDK and copy awv_interface.jar on **Mac/Linux** system to ~/.cordova/lib/commonlibs folder or on **Windows** %USERPROFILE%/.cordova/lib/coomonlibs. If commonlibs folder does not exist then create one.\n  - [Windows Phone SDK](http://dev.windowsphone.com/en-us/downloadsdk) - **NOTE** This tool will not work unless you have `msbuild` on your __system path__ otherwise Windows Phone support will fail (`msbuild.exe` is generally located in `C:\\Windows\\Microsoft.NET\\Framework\\v4.0.30319`).\n  - **BlackBerry 10**: [BlackBerry 10 WebWorks SDK](http://developer.blackberry.com/html5/download/). Make sure you have the `dependencies/tools/bin` folder inside the SDK directory added to your path!\n  - **iOS**: [iOS SDK](http://developer.apple.com) with the latest `Xcode` and `Xcode Command Line Tools`\n  - **Windows Phone**: [Windows Phone SDK](http://dev.windowsphone.com/en-us/downloadsdk) - **NOTE** This tool will not work unless you have `msbuild` on your __system path__ otherwise Windows Phone support will fail (`msbuild.exe` is generally located in `C:\\Windows\\Microsoft.NET\\Framework\\v4.0.30319`).\n\n`cordova-cli` has been tested on **Mac OS X**, **Linux**, **Windows 7**, and **Windows 8**.\n\nPlease note that some platforms have OS restrictions.  For example, you cannot build for Windows 8 or Windows Phone 8 on Mac OS X, nor can you build for iOS on Windows.\n\n# Install\n\nUbuntu packages are available in a PPA for Ubuntu 13.10 (Saucy) (the current release) as well as 14.04 (Trusty) (under development).\n\n    sudo apt-add-repository ppa:cordova-ubuntu/ppa\n    sudo apt-get update\n    sudo apt-get install cordova-cli\n    npm install -g cordova\n\nTo build an application for the Ubuntu platform, the following extra packages are required:\n\n    sudo apt-get install cmake debhelper libx11-dev libicu-dev pkg-config qtbase5-dev qtchooser qtdeclarative5-dev qtfeedback5-dev qtlocation5-dev qtmultimedia5-dev qtpim5-dev qtsensors5-dev qtsystems5-dev\n\n\n## Installing from master\n\nYou\'ll need to install both [CLI](https://git-wip-us.apache.org/repos/asf/cordova-cli.git) and [Plugman](https://git-wip-us.apache.org/repos/asf/cordova-plugman.git) from `git`. Running the *npm version* of one and *(git) master version* of the other is likely to end with you suffering.\n\nTo avoid using sudo, see [Get away from sudo: npm without root](http://justjs.com/posts/npm-link-developing-your-own-npm-modules-without-tears).\n\nRun the following commands:\n\n    git clone https://git-wip-us.apache.org/repos/asf/cordova-plugman.git\n    cd cordova-plugman\n    npm install\n    sudo npm link\n    cd ..\n    git clone https://git-wip-us.apache.org/repos/asf/cordova-cli.git\n    cd cordova-cli\n    npm install\n    sudo npm link\n    npm link plugman\n\nNow the `cordova` and `plugman` in your path are the local git versions. Don\'t forget to keep them up to date!\n\n## Installing on Ubuntu\n\n    apt-get install cordova-cli\n\n\n# Getting Started\n\n`cordova-cli` has a single global `create` command that creates new cordova projects into a specified directory. Once you create a project, `cd` into it and you can execute a variety of project-level commands. Completely inspired by git\'s interface.\n\n## Global Commands\n\n- `help` display a help page with all available commands\n- `create <directory> [<id> [<name>]]` create a new cordova project with optional name and id (package name, reverse-domain style)\n\n<a name="project_commands" />\n## Project Commands\n\n- `platform [ls | list]` list all platforms for which the project will build\n- `platform add <platform> [<platform> ...]` add one (or more) platforms as a build target for the project\n- `platform [rm | remove] <platform> [<platform> ...]` removes one (or more) platform build targets from the project\n- `platform [up | update] <platform> ` - updates the Cordova version used for the given platform\n- `plugin [ls | list]` list all plugins included in the project\n- `plugin add <path-to-plugin> [<path-to-plugin> ...]` add one (or more) plugins to the project\n- `plugin [rm | remove] <plugin-name> [<plugin-name> ...]` remove one (or more) plugins from the project.\n- `plugin search [<keyword1> <keyword2> ...]` search the plugin registry for plugins matching the list of keywords\n- `prepare [platform...]` copies files into the specified platforms, or all platforms. It is then ready for building by `Eclipse`, `Xcode`, etc.\n- `compile [platform...]` compiles the app into a binary for each targetted platform. With no parameters, builds for all platforms, otherwise builds for the specified platforms.\n- `build [<platform> [<platform> [...]]]` an alias for `cordova prepare` followed by `cordova compile`\n- `emulate [<platform> [<platform> [...]]]` launch emulators and deploy app to them. With no parameters emulates for all platforms added to the project, otherwise emulates for the specified platforms\n- `serve [port]` launch a local web server allowing you to access each  platform\'s www directory on the given port (default 8000).\n\n### Optional Flags\n\n- `-d` or `--verbose` will pipe out more verbose output to your shell. You can also subscribe to `log` and `warn` events if you are consuming `cordova-cli` as a node module by calling `cordova.on(\'log\', function() {})` or `cordova.on(\'warn\', function() {})`.\n- `-v` or `--version` will print out the version of your `cordova-cli` install.\n\n# Project Directory Structure\nA Cordova application built with `cordova-cli` will have the following directory structure:\n\n    myApp/\n    |-- config.xml\n    |-- hooks/\n    |-- merges/\n    | | |-- android/\n    | | |-- blackberry10/\n    | | `-- ios/\n    |-- www/\n    |-- platforms/\n    | |-- android/\n    | |-- blackberry10/\n    | `-- ios/\n    `-- plugins/\n\n## hooks/\nThis directory may contains scripts used to customize cordova commands. This\ndirectory used to exist at `.cordova/hooks`, but has now been moved to the\nproject root. Any scripts you add to these directories will be executed before\nand after the commands corresponding to the directory name. Useful for\nintegrating your own build systems or integrating with version control systems.\n\nRefer to [hooks-README.md](https://github.com/apache/cordova-lib/blob/master/cordova-lib/templates/hooks-README.md) for more information.\n\n## merges/\nPlatform-specific web assets (HTML, CSS and JavaScript files) are contained within appropriate subfolders in this directory. These are deployed during a `prepare` to the appropriate native directory.  Files placed under `merges/` will override matching files in the `www/` folder for the relevant platform. A quick example, assuming a project structure of:\n\n    merges/\n    |-- ios/\n    | `-- app.js\n    |-- android/\n    | `-- android.js\n    www/\n    `-- app.js\n\nAfter building the Android and iOS projects, the Android application will contain both `app.js` and `android.js`. However, the iOS application will only contain an `app.js`, and it will be the one from `merges/ios/app.js`, overriding the "common" `app.js` located inside `www/`.\n\n## www/\n\nContains the project\'s web artifacts, such as .html, .css and .js files. These are your main application assets. They will be copied on a `cordova prepare` to each platform\'s www directory.\n\n### Your Blanket: config.xml\n\nThis file is what you should be editing to modify your application\'s metadata. Any time you run any cordova-cli commands, the tool will look at the contents of `config.xml` and use all relevant info from this file to define native application information. cordova-cli supports changing your application\'s data via the following elements inside the `config.xml` file:\n\n- The user-facing name can be modified via the contents of the `<name>` element.\n- The package name (AKA bundle identifier or application id) can be modified via the `id` attribute from the top-level `<widget>` element.\n- The version can be modified via the `version` attribute from the top-level `<widget>` element.\n- The whitelist can be modified using the `<access>` elements. Make sure the `origin` attribute of your `<access>` element points to a valid URL (you can use `*` as wildcard). For more information on the whitelisting syntax, see the [docs.phonegap.com](http://docs.phonegap.com/en/2.2.0/guide_whitelist_index.md.html#Domain%20Whitelist%20Guide). You can use either attribute `uri` ([BlackBerry-proprietary](https://developer.blackberry.com/html5/documentation/access_element_834677_11.html)) or `origin` ([standards-compliant](http://www.w3.org/TR/widgets-access/#attributes)) to denote the domain.\n- Platform-specific preferences can be customized via `<preference>` tags. See [docs.phonegap.com](http://docs.phonegap.com/en/2.3.0/guide_project-settings_index.md.html#Project%20Settings) for a list of preferences you can use.\n- The entry/start page for your application can be defined via the `<content src>` element + attribute.\n\n## platforms/\nPlatforms added to your application will have the native application project structures laid out within this directory.\n\n## plugins/\nAny added plugins will be extracted or copied into this directory.\n\n# Hooks\n\nProjects created by cordova-cli have `before` and `after` hooks for each [project command](#project_commands).\n\nThere are two types of hooks: project-specific ones and module-level ones. Both of these types of hooks receive the project root folder as a parameter.\n\n## Project-specific Hooks\n\nThese are located under the `hooks` directory in the root of your cordova project. Any scripts you add to these directories will be executed before and after the appropriate commands. Useful for integrating your own build systems or integrating with version control systems. __Remember__: make your scripts executable.\n\n### Examples\n\n- [`before_build` hook for jade template compiling](https://gist.github.com/4100866) courtesy of [dpogue](http://github.com/dpogue)\n\n## Module-level Hooks\n\nIf you are using cordova-cli as a module within a larger **Node** application, you can also use the standard `EventEmitter` methods to attach to the events. The events include `before_build`, `before_compile`, `before_docs`, `before_emulate`, `before_run`, `before_platform_add`, `before_library_download`, `before_platform_ls`, `before_platform_rm`, `before_plugin_add`, `before_plugin_ls`, `before_plugin_rm` and `before_prepare`. There is also a `library_download` progress event. Additionally, there are `after_` flavours of all the above events.\n\nOnce you `require(\'cordova\')` in your Node project, you will have the usual `EventEmitter` methods available (`on`, `off` or `removeListener`, `removeAllListeners`, and `emit` or `trigger`).\n\n# Examples\n\n## Creating a new cordova project\nThis example shows how to create a project from scratch named KewlApp with iOS and Android platform support, and includes a plugin named Kewlio. The project will live in ~/KewlApp\n\n    cordova create ~/KewlApp KewlApp\n    cd ~/KewlApp\n    cordova platform add ios android\n    cordova plugin add http://example.org/Kewlio-1.2.3.tar.gz\n    cordova build\n\nThe directory structure of KewlApp now looks like this:\n\n    KewlApp/\n    |-- hooks/\n    |-- merges/\n    | |-- android/\n    | `-- ios/\n    |-- www/\n    | `-- index.html\n    |-- platforms/\n    | |-- android/\n    | | `-- \n    | `-- ios/\n    |   `-- \n    `-- plugins/\n      `-- Kewlio/\n\n# Contributing\n\n## Running Tests\n\n    npm test\n\n## Get test coverage reports\n\n    npm run cover\n\n## TO-DO + Issues\n\nPlease check [Cordova issues with the CLI Component](http://issues.cordova.io). If you find issues with this tool, please be so kind as to include relevant information needed to debug issues such as:\n\n- Your operating system and version\n- The application name, directory location, and identifier used with `create`\n- Which mobile SDKs you have installed, and their versions. Related to this: which `Xcode` version if you are submitting issues related to iOS\n- Any error stack traces you received\n\n## Contributors\n\nThanks to everyone for contributing! For a list of people involved, please see the `package.json` file.\n\n\n# Known Issues and Troubleshooting\n\n## Any OS\n\n### Proxy Settings\n\n`cordova-cli` will use `npm`\'s proxy settings. If you downloaded cordova-cli via `npm` and are behind a proxy, chances are cordova-cli should work for you as it will use those settings in the first place. Make sure that the `https-proxy` and `proxy` npm config variables are set properly. See [npm\'s configuration documentation](https://npmjs.org/doc/config.html) for more information.\n\n## Windows\n\n### Trouble Adding Android as a Platform\n\nWhen trying to add a platform on a Windows machine if you run into the following error message:\n    cordova library for "android" already exists. No need to download. Continuing.\n    Checking if platform "android" passes minimum requirements...\n    Checking Android requirements...\n    Running "android list target" (output to follow)\n\n    Error: The command `android` failed. Make sure you have the latest Android SDK installed, and the `android` command (inside the tools/ folder) added t\n    o your path. Output:\n    at C:\\Users\\me\\AppData\\Roaming\\npm\\node_modules\\cordova\\src\\platform.js:185:42\n    at C:\\Users\\me\\AppData\\Roaming\\npm\\node_modules\\cordova\\src\\metadata\\android_parser.js:50:13\n    at C:\\Users\\me\\AppData\\Roaming\\npm\\node_modules\\cordova\\node_modules\\shelljs\\shell.js:1707:7\n    at exithandler (child_process.js:633:7)\n    at ChildProcess.errorhandler (child_process.js:649:5)\n    at ChildProcess.EventEmitter.emit (events.js:95:17)\n    at Process.ChildProcess._handle.onexit (child_process.js:787:12)\n\nrun the command `android list target`.  If you see:\n\n    \'xcopy\' is not recognized as an internal or external command,\n    operable program or batch file.\n\nat the beginning of the command output, it means you will need to fix your Windows Path variable to include xcopy. This location is typically under C:\\Windows\\System32.\n\n## Windows 8\n\nWindows 8 support does not include the ability to launch/run/emulate, so you will need to open **Visual Studio** to see your app live.  You are still able to use the following commands with windows8:\n\n- `platform add windows8`\n- `platform remove windows8`\n- `prepare windows8`\n- `compile windows8`\n- `build windows8`\n\nTo run your app, you will need to open the `.sln` in the `platforms/windows8` folder using **Visual Studio 2012**.\n\n**Visual Studio** will tell you to reload the project if you run any of the above commands while the project is loaded.\n\n## Amazon Fire OS\n\nAmazon Fire OS does not include the ability to emulate. You are still able to use the following commands with Amazon Fire OS\n\n- `platform add amazon-fireos`\n- `platform remove amazon-fireos`\n- `prepare amazon-fireos`\n- `compile amazon-fireos`\n- `build amazon-fireos`\n\n## Ubuntu\n\nThe initial release of cordova-ubuntu does not support building applications for armhf devices automatically. It is possible to produce applications and click packages in a few steps though.\n\nThis bug report documents the issue and solutions for it: https://bugs.launchpad.net/ubuntu/+source/cordova-ubuntu/+bug/1260500 A future release will let developers cross-compile armhf click packages directly from an x86 desktop.\n\n## Firefox OS\n\nFirefox OS does not include the ability to emulate, run and serve. After building, you will have to open the firefoxos platform directory of your app in the App Manager that comes with every firefox browser. \n',
324 silly resolved     readmeFilename: 'README.md',
324 silly resolved     _id: 'cordova@4.2.0',
324 silly resolved     dist: { shasum: 'abc3a18354752a927a2be89a01221c19a2d1c29f' },
324 silly resolved     _from: 'cordova@',
324 silly resolved     _resolved: 'https://registry.npmjs.org/cordova/-/cordova-4.2.0.tgz' },
324 silly resolved   { name: 'ionic',
324 silly resolved     version: '1.3.11',
324 silly resolved     preferGlobal: true,
324 silly resolved     description: 'A tool for creating and developing Ionic Framework mobile apps.',
324 silly resolved     homepage: 'http://ionicframework.com/',
324 silly resolved     bin: { ionic: 'bin/ionic' },
324 silly resolved     keywords:
324 silly resolved      [ 'ionic',
324 silly resolved        'ionic framework',
324 silly resolved        'ionicframework',
324 silly resolved        'mobile',
324 silly resolved        'app',
324 silly resolved        'hybrid',
324 silly resolved        'cordova',
324 silly resolved        'phonegap' ],
324 silly resolved     repository:
324 silly resolved      { type: 'git',
324 silly resolved        url: 'https://github.com/driftyco/ionic-cli.git' },
324 silly resolved     contributors: [ [Object], [Object], [Object], [Object] ],
324 silly resolved     license: 'MIT',
324 silly resolved     dependencies:
324 silly resolved      { archiver: '0.5.1',
324 silly resolved        colors: '0.6.2',
324 silly resolved        connect: '3.1.1',
324 silly resolved        'connect-livereload': '0.5.2',
324 silly resolved        crc: '3.2.1',
324 silly resolved        'cross-spawn': '0.2.3',
324 silly resolved        'event-stream': '3.0.x',
324 silly resolved        finalhandler: '0.2.0',
324 silly resolved        'form-data': '0.1.4',
324 silly resolved        gulp: '3.8.8',
324 silly resolved        ncp: '0.4.2',
324 silly resolved        npm: '2.1.3',
324 silly resolved        'opbeat-ionic': '^1.1.3',
324 silly resolved        open: 'https://registry.npmjs.org/open/-/open-0.0.5.tgz',
324 silly resolved        optimist: '0.6.0',
324 silly resolved        progress: '1.1.7',
324 silly resolved        prompt: '0.2.12',
324 silly resolved        'proxy-middleware': '^0.7.0',
324 silly resolved        q: '1.0.1',
324 silly resolved        request: '2.51.0',
324 silly resolved        semver: '^4.2.0',
324 silly resolved        'serve-static': '1.7.1',
324 silly resolved        shelljs: '0.2.6',
324 silly resolved        'tiny-lr-fork': '0.0.5',
324 silly resolved        underscore: '~1.7.0',
324 silly resolved        unzip: '0.1.9',
324 silly resolved        'vinyl-fs': '0.3.7',
324 silly resolved        xml2js: '0.4.4' },
324 silly resolved     readme: 'Ionic-Cli\n=========\n\nThe Ionic Framework command line utility makes it easy to start, build, run, and emulate [Ionic](http://ionicframework.com/) apps. In the future, it will also have support for our mobile development services and tools that make Ionic even more powerful.\n\nUse the `ionic --help` command for more detailed task information.\n\n## Installing\n\n```bash\n$ npm install -g ionic\n```\n\n*Note: For a global install of `-g ionic`, OSX/Linux users may need to prefix the command with `sudo` or can setup [proper file permissions on OSX for npm](http://www.johnpapa.net/how-to-use-npm-global-without-sudo-on-osx/) to install without `sudo`. *\n\n\n## Starting an Ionic App\n\n```bash\n$ ionic start myapp [template]\n```\n\nStarter templates can either come from a named template, a Github repo, a Codepen, or a local directory. A starter template is what becomes the `www` directory within the Cordova project.\n\n__Named template starters:__\n\n* [tabs](https://github.com/driftyco/ionic-starter-tabs) (Default)\n* [sidemenu](https://github.com/driftyco/ionic-starter-sidemenu)\n* [maps](https://github.com/driftyco/ionic-starter-maps)\n* [salesforce](https://github.com/driftyco/ionic-starter-salesforce)\n* [tests](https://github.com/driftyco/ionic-starter-tests)\n* [complex-list](https://github.com/driftyco/ionic-starter-complex-list)\n* [blank](https://github.com/driftyco/ionic-starter-blank)\n\n__Github Repo starters:__\n\n* Any Github repo url, ex: [https://github.com/driftyco/ionic-starter-tabs](https://github.com/driftyco/ionic-starter-tabs)\n* Named templates are simply aliases to Ionic starter repos\n\n__Codepen URL starters:__\n\n* Any Codepen url, ex: [http://codepen.io/ionic/pen/odqCz](http://codepen.io/ionic/pen/odqCz)\n* [Ionic Codepen Demos](http://codepen.io/ionic/public-list/)\n\n__Local directory starters:__\n\n* Relative or absolute path to a local directory\n\n__Command-line flags/options:__\n\n    [--appname|-a]  .......  Human readable name for the app\n                             (Use quotes around the name)\n    [--id|-i]  ............  Package name set in the <widget id> config\n                             ex: com.mycompany.myapp\n    [--no-cordova|-w]  ....  Do not create an app targeted for Cordova\n    [--sass|-s] ...........  Setup the project to use Sass CSS precompiling\n    [--list|-l]  ..........  List starter templates available\n\n## Adding a platform target\n\n```bash\n$ ionic platform ios android\n```\n\n## Testing in a Browser\n\nUse `ionic serve` to start a local development server for app dev and testing. This is useful for both desktop browser testing, and to test within a device browser which is connected to the same network. Additionally, this command starts LiveReload which is used to monitor changes in the file system. As soon as you save a file the browser is refreshed automatically. View [Using Sass](https://github.com/driftyco/ionic-cli/blob/master/README.md#using-sass) if you would also like to have `ionic serve` watch the project\'s Sass files.\n\n```bash\n$ ionic serve [options]\n```\n\n## Building your app\n\n```bash\n$ ionic build ios\n```\n\n## Live Reload App During Development (beta)\n\nThe `run` or `emulate` command will deploy the app to the specified platform devices/emulators. You can also run __live reload__ on the specified platform device by adding the `--livereload` option. The live reload functionality is similar to `ionic serve`, but instead of developing and debugging an app using a standard browser, the compiled hybrid app itself is watching for any changes to its files and reloading the app when needed. This reduces the requirement to constantly rebuild the app for small changes. However, any changes to plugins will still require a full rebuild. For live reload to work, the dev machine and device must be on the same local network, and the device must support [web sockets](http://caniuse.com/websockets).\n\nWith live reload enabled, an app\'s console logs can also be printed to the terminal/command prompt by including the `--consolelogs` or `-c` option. Additionally, the development server\'s request logs can be printed out using `--serverlogs` or `-s` options.\n\n__Command-line flags/options for `run` and `emulate`:__\n\n    [--livereload|-l] .......  Live Reload app dev files from the device (beta)\n    [--consolelogs|-c] ......  Print app console logs to Ionic CLI (live reload req.)\n    [--serverlogs|-s] .......  Print dev server logs to Ionic CLI (live reload req.)\n    [--port|-p] .............  Dev server HTTP port (8100 default, live reload req.)\n    [--livereload-port|-i] ..  Live Reload port (35729 default, live reload req.)\n    [--debug|--release]\n\nWhile the server is running for live reload, you can use the following commands within the CLI:\n\n    restart or r to restart the client app from the root\n    goto or g and a url to have the app navigate to the given url\n    consolelogs or c to enable/disable console log output\n    serverlogs or s to enable/disable server log output\n    quit or q to shutdown the server and exit\n\n\n## Emulating your app\n\nDeploys the Ionic app on specified platform emulator. This is simply an alias for `run --emulator`.\n\n```bash\n$ ionic emulate ios [options]\n```\n\n## Running your app\n\nDeploys the Ionic app on specified platform devices. If a device is not found it\'ll then deploy to an emulator/simulator.\n\n```bash\n$ ionic run ios [options]\n```\n\n## Icon and Splash Screen Image Generation\n\n[Automatically generate icons and splash screens](http://ionicframework.com/blog/automating-icons-and-splash-screens/) from source images to create each size needed for each platform, in addition to copying each resized and cropped image into each platform\'s resources directory. Source images can either be a `png`, `psd` __Photoshop__ or `ai` __Illustrator__ file. Images are generated using Ionic\'s image resizing and cropping server, instead of requiring special libraries and plugins to be installed locally.\n\nSince each platform has different image requirements, it\'s best to make a source image for the largest size needed, and let the CLI do all the resizing, cropping and copying for you. Newly generated images will be placed in the `resources` directory at the root of the Cordova project. Additionally, the CLI will update and add the correct `<platform>` configs to the project\'s [config.xml](http://cordova.apache.org/docs/en/edge/config_ref_images.md.html#Icons%20and%20Splash%20Screens) file.\n\nDuring the build process, Cordova (v3.6 or later) will look through the project\'s [config.xml](http://cordova.apache.org/docs/en/edge/config_ref_images.md.html#Icons%20and%20Splash%20Screens) file and copy the newly created resource images to the platform\'s specific resource folder. For example, Android\'s resource folder can be found in `platforms/android/res`, and iOS uses `platforms/ios/APP_NAME/Resources`.\n\n\n### Icon Source Image\n\nSave an `icon.png`, `icon.psd` or `icon.ai` file within the `resources` directory at the root of the Cordova project. The icon image\'s minimum dimensions should be 192x192 px, and should have __no__ rounded corners. Note that each platform will apply it\'s own mask and effects to the icons. For example, iOS will automatically apply it\'s custom rounded corners, so the source file should not already come with rounded corners. This [Photoshop icon template](http://code.ionicframework.com/resources/icon.psd) provides the recommended size and guidelines of the artwork\'s safe zone.\n\n```bash\n$ ionic resources --icon\n```\n\n- [Photoshop Icon Template](http://code.ionicframework.com/resources/icon.psd)\n\n\n### Splash Screen Source Image\n\nSave a `splash.png`, `splash.psd` or `splash.ai` file within the `resources` directory at the root of the Cordova project. Splash screen dimensions vary for each platform, device and orientation, so a square source image is required the generate each of various sizes. The source image\'s minimum dimensions should be 2208x2208 px, and its artwork should be centered within the square, knowning that each generated image will be center cropped into landscape and portait images. The splash screen\'s artwork should roughly fit within a center square (1200x1200 px). This [Photoshop splash screen template](http://code.ionicframework.com/resources/splash.psd) provides the recommended size and guidelines of the artwork\'s safe zone. Additionally, when the `Orientation` [preference config](http://cordova.apache.org/docs/en/edge/config_ref_index.md.html#The%20config.xml%20File_global_preferences) is set to either `landscape` or `portrait` mode, then only the necessary images will be generated.\n\n```bash\n$ ionic resources --splash\n```\n\n- [Photoshop Splash Screen Template](http://code.ionicframework.com/resources/splash.psd)\n\n\n### Generating Icons and Splash Screens\n\nTo generate both icons and splash screens, follow the instructions above and run:\n\n```bash\n$ ionic resources\n```\n\n### Platform Specific Resource Images\n\nOne source image can be used to generate images for each platform by placing the file within the `resources` directory, such as `resources/icon.png`. To use different source images for individual platforms, place the source image in the respective platform\'s directory. For example, to use a different icon for Android, it should follow this path: `resources/android/icon.png`, and a different image for iOS would use this path: `resources/ios/icon.png`.\n\n## Crosswalk for Android\n\nIn v1.3.0 and later, you can now specify which browser to use in your Cordova Android projects. Currently we only support [Crosswalk](https://crosswalk-project.org/) and have plans to support more browsers later.\n\nExecute `ionic browser add crosswalk` to add the Crosswalk browser to your Android project. By default, this will install the `8.37.189.14` version of Crosswalk.\n\nIf you\'d like to specify a different version of Crosswalk, run `ionic browser list` to see which browsers are available and what versions. Then run `ionic browser add crosswalk@10.39.235.15`.\n\nAll that is left is to run the project as normal - `ionic run android`.\n\n*NOTE: To start with, we are only supporting stable versions of Crosswalk. We plan to add the beta and canary versions as we continue adding to this feature set*\n\n## Advanced serve options\n\n__LiveReload__\n\nBy default, LiveReload will watch for changes in your `www/` directory,\nexcluding `www/lib/`.  To change this, you can specify a `watchPatterns`\nproperty in the `ionic.project` file located in your project root to watch\n(or not watch) for specific changes.\n\n```json\n{\n  "name": "myApp",\n  "app_id": "",\n  "watchPatterns": [\n    "www/js/*",\n    "!www/css/**/*"\n  ]\n}\n```\n\nFor a reference on glob pattern syntax, check out\n[globbing patterns](http://gruntjs.com/configuring-tasks#globbing-patterns) on\nthe Grunt website.\n\nNote:\n\n```bash\n$ ionic setup sass\n```\n\nwill add a `watchPatterns` propery with the default values to your `ionic.project`\nfile that you can then edit, in addition to the `gulpStartupTasks` property\ndescribed in the [Using Sass](https://github.com/driftyco/ionic-cli/blob/master/README.md#using-sass) section.\n\n\n__Service Proxies:__\n\nThe `serve` command can add some proxies to the http server. These proxies are useful if you are developing in the browser and you need to make calls to an external API. With this feature you can proxy request to the external api through the ionic http server preventing the `No \'Access-Control-Allow-Origin\' header is present on the requested resource` error.\n\nIn the `ionic.project` file you can add a property with an array of proxies you want to add. The proxies are object with two properties:\n\n* `path`: string that will be matched against the beginning of the incoming request URL.\n* `proxyUrl`: a string with the url of where the proxied request should go.\n\n```json\n{\n  "name": "appname",\n  "email": "",\n  "app_id": "",\n  "proxies": [\n    {\n      "path": "/v1",\n      "proxyUrl": "https://api.instagram.com/v1"\n    }\n  ]\n}\n\n```\n\nUsing the above configuration, you can now make requests to your local server at `http://localhost:8100/v1` to have it proxy out requests to `https://api.instagram.com/v1`\n\nFor example:\n\n```js\nangular.module(\'starter.controllers\', [])\n.constant(\'InstagramApiUrl\', \'\')\n// .contant(\'InstagramApiUrl\',\'https://api.instagram.com\')\n//In production, make this the real URL\n\n.controller(\'FeedCtrl\', function($scope, $http, InstagramApiUrl) {\n\n  $scope.feed = null;\n\n  $http.get(InstagramApiUrl + \'/v1/media/search?client_id=1&lat=48&lng=2.294351\').then(function(data) {\n    console.log(\'data \' , data)\n    $scope.feed = data;\n  })\n\n})\n```\n\nSee also [this gist](https://gist.github.com/jbavari/d9c1c94058c4fdd4e935) for more help.\n\n__Command-line flags/options:__\n\n    [--consolelogs|-c] ......  Print app console logs to Ionic CLI\n    [--serverlogs|-s] .......  Print dev server logs to Ionic CLI\n    [--port|-p] .............  Dev server HTTP port (8100 default)\n    [--livereload-port|-i] ..  Live Reload port (35729 default)\n    [--nobrowser|-b] ........  Disable launching a browser\n    [--nolivereload|-r] .....  Do not start live reload\n    [--noproxy|-x] ..........  Do not add proxies\n    [--address] .............  Serves in the browser at the specified address\n    [--lab] .................  Serves both iOS and Android in the browser\n\n## Using Ionic Labs\n\nWe\'ve extended the serve command to open the new Lab UI that features iOS and Android side-by-side.\n\n```bash\n$ ionic serve --lab\n```\n\nIf you\'ve used the serve command before, you\'ll feel right at home with this one. Just like serve, it opens your app in a browser, but now it shows you what your app will look like on a phone, with both iOS and Android side by side.\n\nAnd of course, it supports Live Reload and all the other goodies we\'ve added over the last couple of months.\n\n## Serving an alternate document root\n\nIf you\'d like to test your app in the browser and you use a folder other than the default of `www`, you can specify this folder in your `ionic.project` file.\n\nIt is also advised you specify the watch patterns for this document root as well, as follows:\n\n```json\n{\n  "name": "SmoothRiders",\n   "gulpStartupTasks": [\n    "watch"\n  ],\n  "documentRoot": "app",\n  "watchPatterns": [\n    "app/js/*",\n    "!app/css/**/*"\n  ]\n}\n\n```\n\n## Update Ionic lib\n\nUpdate Ionic library files, which are found in the `www/lib/ionic` directory. If bower is being used\nby the project, this command will automatically run `bower update ionic`, otherwise this command updates\nthe local static files from Ionic\'s CDN.\n\n```bash\n$ ionic lib update\n```\n*Note: Using bower? This command does not update Ionic\'s dependencies. Run `bower update` to update Ionic and all of it\'s dependencies defined in `bower.json`.*\n\n## Packaging an app (beta)\n\nUsing Ionic\'s service, you can compile and package your project into an app-store ready app without\nrequiring native SDKs on your machine.\n\n```bash\n$ ionic package debug android\n```\n\nThe third argument can be either `debug` or `release`, and the last argument can be either `android` or `ios`.\n\n\n## Cordova Commands\n\nIonic uses Cordova underneath, so you can also substitute Cordova commands to prepare/build/emulate/run, or to add additional plugins.\n\n*Note: we occasionally send anonymous usage statistics to the Ionic team to make the tool better.*\n\n## Working around proxies\n\nIf you have a proxy you need to get around, you can pass that proxy with the default `http_proxy` [node environment variable](https://www.npmjs.org/doc/misc/npm-config.html#proxy) or an environment variable `proxy`.\n\nA few ways to set up and use the environment variable:\n\n```bash\nexport http_proxy=internal.proxy.com\n# Or\nexport PROXY=internal.proxy.com\n\nionic start my_app\n\n# Additionally, pass in line\nPROXY=internal.proxy.com ionic start my_app\n```\n\n\n## Using Sass\n\nBy default, starter projects are hooked up to Ionic\'s precompiled CSS file, which is found in the project\'s `www/lib/ionic/css` directory, and is linked to the app in the head of the root `index.html` file. However, Ionic projects can also be customized using [Sass](http://sass-lang.com/), which gives developers and designers "superpowers" in terms of creating and maintaining CSS. Below are two ways to setup Sass for your Ionic project (the `ionic setup sass` command simply does the manual steps for you). Once Sass has been setup for your Ionic project, then the `ionic serve` command will also watch for Sass changes.\n\n#### Setup Sass Automatically\n\n    ionic setup sass\n\n\n#### Setup Sass Manually\n\n1. Run `npm install` from the working directory of an Ionic project. This will install [gulp.js](http://gulpjs.com/) and a few handy tasks, such as [gulp-sass](https://www.npmjs.org/package/gulp-sass) and [gulp-minify-css](https://www.npmjs.org/package/gulp-minify-css).\n2. Remove `<link href="lib/ionic/css/ionic.css" rel="stylesheet">` from the `<head>` of the root `index.html` file.\n3. Remove `<link href="css/style.css" rel="stylesheet">` from the `<head>` of the root `index.html` file.\n4. Add `<link href="css/ionic.app.css" rel="stylesheet">` to the `<head>` of the root `index.html` file.\n5. In the `ionic.project` file, add the JavaScript property `"gulpStartupTasks": ["sass", "watch"]` (this can also be customized to whatever gulp tasks you\'d like).\n',
324 silly resolved     readmeFilename: 'README.md',
324 silly resolved     bugs: { url: 'https://github.com/driftyco/ionic-cli/issues' },
324 silly resolved     _id: 'ionic@1.3.11',
324 silly resolved     dist: { shasum: 'a7a06cd292d3d1c84cfb8ec580693bddd2b9e11d' },
324 silly resolved     _from: 'ionic@',
324 silly resolved     _resolved: 'https://registry.npmjs.org/ionic/-/ionic-1.3.11.tgz' } ]
325 info install cordova@4.2.0 into /usr/local/lib
326 info install ionic@1.3.11 into /usr/local/lib
327 info installOne cordova@4.2.0
328 info installOne ionic@1.3.11
329 info /usr/local/lib/node_modules/cordova unbuild
330 info /usr/local/lib/node_modules/ionic unbuild
331 verbose tar unpack /home/axel/.npm/cordova/4.2.0/package.tgz
332 silly lockFile 9557e84b-r-local-lib-node-modules-cordova tar:///usr/local/lib/node_modules/cordova
333 verbose lock tar:///usr/local/lib/node_modules/cordova /home/axel/.npm/9557e84b-r-local-lib-node-modules-cordova.lock
334 silly lockFile 3ef4a96c-el-npm-cordova-4-2-0-package-tgz tar:///home/axel/.npm/cordova/4.2.0/package.tgz
335 verbose lock tar:///home/axel/.npm/cordova/4.2.0/package.tgz /home/axel/.npm/3ef4a96c-el-npm-cordova-4-2-0-package-tgz.lock
336 verbose tar unpack /home/axel/.npm/ionic/1.3.11/package.tgz
337 silly lockFile 49903aa3-usr-local-lib-node-modules-ionic tar:///usr/local/lib/node_modules/ionic
338 verbose lock tar:///usr/local/lib/node_modules/ionic /home/axel/.npm/49903aa3-usr-local-lib-node-modules-ionic.lock
339 silly lockFile bae8c184-xel-npm-ionic-1-3-11-package-tgz tar:///home/axel/.npm/ionic/1.3.11/package.tgz
340 verbose lock tar:///home/axel/.npm/ionic/1.3.11/package.tgz /home/axel/.npm/bae8c184-xel-npm-ionic-1-3-11-package-tgz.lock
341 silly gunzTarPerm modes [ '755', '644' ]
342 silly gunzTarPerm modes [ '755', '644' ]
343 error Error: EACCES, mkdir '/usr/local/lib/node_modules'
343 error  { [Error: EACCES, mkdir '/usr/local/lib/node_modules']
343 error   errno: 3,
343 error   code: 'EACCES',
343 error   path: '/usr/local/lib/node_modules',
343 error   fstream_type: 'Directory',
343 error   fstream_path: '/usr/local/lib/node_modules/cordova',
343 error   fstream_class: 'DirWriter',
343 error   fstream_stack:
343 error    [ '/usr/lib/nodejs/fstream/lib/writer.js:171:23',
343 error      '/usr/lib/nodejs/mkdirp/index.js:37:53',
343 error      'Object.oncomplete (fs.js:107:15)' ] }
344 error Please try running this command again as root/Administrator.
345 error System Linux 3.13.0-44-generic
346 error command "/usr/bin/nodejs" "/usr/bin/npm" "install" "-g" "cordova" "ionic"
347 error cwd /home/axel/Aikon/faciter
348 error node -v v0.10.25
349 error npm -v 1.3.10
350 error path /usr/local/lib/node_modules
351 error fstream_path /usr/local/lib/node_modules/cordova
352 error fstream_type Directory
353 error fstream_class DirWriter
354 error code EACCES
355 error errno 3
356 error stack Error: EACCES, mkdir '/usr/local/lib/node_modules'
357 error fstream_stack /usr/lib/nodejs/fstream/lib/writer.js:171:23
357 error fstream_stack /usr/lib/nodejs/mkdirp/index.js:37:53
357 error fstream_stack Object.oncomplete (fs.js:107:15)
358 verbose exit [ 3, true ]
